[0.130s] Invoking command in '/home/pi/turtlebot3_ws/build/wall_follower': CMAKE_PREFIX_PATH=${CMAKE_PREFIX_PATH}:/home/pi/turtlebot3_ws/install/turtlebot3_teleop:/home/pi/turtlebot3_ws/install/turtlebot3_example:/opt/ros/humble /usr/bin/cmake --build /home/pi/turtlebot3_ws/build/wall_follower -- -j2 -l2
[0.487s] [35m[1mConsolidate compiler generated dependencies of target wall_follower[0m
[0.572s] [ 50%] [32mBuilding CXX object CMakeFiles/wall_follower.dir/src/wall_follower.cpp.o[0m
[7.322s] [01m[K/home/pi/turtlebot3_ws/src/wall_follower/src/wall_follower.cpp:[m[K In member function â€˜[01m[Kvoid WallFollower::update_callback()[m[Kâ€™:
[7.322s] [01m[K/home/pi/turtlebot3_ws/src/wall_follower/src/wall_follower.cpp:217:56:[m[K [01;31m[Kerror: [m[Kâ€˜[01m[Kscan_data_close[m[Kâ€™ was not declared in this scope; did you mean â€˜[01m[Kscan_data_close_[m[Kâ€™?
[7.322s]   217 |         else if (scan_data_close_[FRONT_LEFT] < 0.6 && [01;31m[Kscan_data_close[m[K[FRONT_LEFT] > 0) {
[7.322s]       |                                                        [01;31m[K^~~~~~~~~~~~~~~[m[K
[7.322s]       |                                                        [32m[Kscan_data_close_[m[K
[13.232s] gmake[2]: *** [CMakeFiles/wall_follower.dir/build.make:76: CMakeFiles/wall_follower.dir/src/wall_follower.cpp.o] Error 1
[13.233s] gmake[1]: *** [CMakeFiles/Makefile2:140: CMakeFiles/wall_follower.dir/all] Error 2
[13.233s] gmake: *** [Makefile:146: all] Error 2
[13.247s] Invoked command in '/home/pi/turtlebot3_ws/build/wall_follower' returned '2': CMAKE_PREFIX_PATH=${CMAKE_PREFIX_PATH}:/home/pi/turtlebot3_ws/install/turtlebot3_teleop:/home/pi/turtlebot3_ws/install/turtlebot3_example:/opt/ros/humble /usr/bin/cmake --build /home/pi/turtlebot3_ws/build/wall_follower -- -j2 -l2
