[01m[K/home/pi/turtlebot3_ws/src/wall_follower/src/wall_follower.cpp:[m[K In constructor â€˜[01m[KWallFollower::WallFollower()[m[Kâ€™:
[01m[K/home/pi/turtlebot3_ws/src/wall_follower/src/wall_follower.cpp:24:17:[m[K [01;31m[Kerror: [m[Kâ€˜[01m[Kscan_data_close_[m[Kâ€™ was not declared in this scope; did you mean â€˜[01m[Kscan_data_[m[Kâ€™?
   24 |                 [01;31m[Kscan_data_close_[m[K[i] = 0.0; //array of 12 points. init all cells to 0.
      |                 [01;31m[K^~~~~~~~~~~~~~~~[m[K
      |                 [32m[Kscan_data_[m[K
[01m[K/home/pi/turtlebot3_ws/src/wall_follower/src/wall_follower.cpp:25:17:[m[K [01;31m[Kerror: [m[Kâ€˜[01m[Kscan_data_avg_[m[Kâ€™ was not declared in this scope; did you mean â€˜[01m[Kscan_data_[m[Kâ€™?
   25 |                 [01;31m[Kscan_data_avg_[m[K[i] = 0.0;
      |                 [01;31m[K^~~~~~~~~~~~~~[m[K
      |                 [32m[Kscan_data_[m[K
[01m[K/home/pi/turtlebot3_ws/src/wall_follower/src/wall_follower.cpp:[m[K In member function â€˜[01m[Kvoid WallFollower::scan_callback(sensor_msgs::msg::LaserScan_<std::allocator<void> >::SharedPtr)[m[Kâ€™:
[01m[K/home/pi/turtlebot3_ws/src/wall_follower/src/wall_follower.cpp:142:9:[m[K [01;31m[Kerror: [m[Kâ€˜[01m[Kscan_data_close_[m[Kâ€™ was not declared in this scope; did you mean â€˜[01m[Kscan_data_[m[Kâ€™?
  142 |         [01;31m[Kscan_data_close_[m[K[0] = closest;
      |         [01;31m[K^~~~~~~~~~~~~~~~[m[K
      |         [32m[Kscan_data_[m[K
[01m[K/home/pi/turtlebot3_ws/src/wall_follower/src/wall_follower.cpp:143:9:[m[K [01;31m[Kerror: [m[Kâ€˜[01m[Kscan_data_avg_[m[Kâ€™ was not declared in this scope; did you mean â€˜[01m[Kscan_data_[m[Kâ€™?
  143 |         [01;31m[Kscan_data_avg_[m[K[0] = fsum / 30;
      |         [01;31m[K^~~~~~~~~~~~~~[m[K
      |         [32m[Kscan_data_[m[K
[01m[K/home/pi/turtlebot3_ws/src/wall_follower/src/wall_follower.cpp:[m[K In member function â€˜[01m[Kvoid WallFollower::update_callback()[m[Kâ€™:
[01m[K/home/pi/turtlebot3_ws/src/wall_follower/src/wall_follower.cpp:235:18:[m[K [01;31m[Kerror: [m[Kâ€˜[01m[Kscan_data_close_[m[Kâ€™ was not declared in this scope; did you mean â€˜[01m[Kscan_data_[m[Kâ€™?
  235 |         else if ([01;31m[Kscan_data_close_[m[K[FRONT] < 0.7)
      |                  [01;31m[K^~~~~~~~~~~~~~~~[m[K
      |                  [32m[Kscan_data_[m[K
gmake[2]: *** [CMakeFiles/wall_follower.dir/build.make:76: CMakeFiles/wall_follower.dir/src/wall_follower.cpp.o] Error 1
gmake[1]: *** [CMakeFiles/Makefile2:140: CMakeFiles/wall_follower.dir/all] Error 2
gmake: *** [Makefile:146: all] Error 2
