[0.088s] Invoking command in '/home/pi/turtlebot3_ws/build/wall_follower': CMAKE_PREFIX_PATH=${CMAKE_PREFIX_PATH}:/home/pi/turtlebot3_ws/install/turtlebot3_teleop:/home/pi/turtlebot3_ws/install/turtlebot3_example:/opt/ros/humble /usr/bin/cmake --build /home/pi/turtlebot3_ws/build/wall_follower -- -j2 -l2
[0.258s] [35m[1mConsolidate compiler generated dependencies of target wall_follower[0m
[0.292s] [ 50%] [32mBuilding CXX object CMakeFiles/wall_follower.dir/src/wall_follower.cpp.o[0m
[5.679s] [01m[K/home/pi/turtlebot3_ws/src/wall_follower/src/wall_follower.cpp:[m[K In constructor â€˜[01m[KWallFollower::WallFollower()[m[Kâ€™:
[5.679s] [01m[K/home/pi/turtlebot3_ws/src/wall_follower/src/wall_follower.cpp:24:17:[m[K [01;31m[Kerror: [m[Kâ€˜[01m[Kscan_data_close_[m[Kâ€™ was not declared in this scope; did you mean â€˜[01m[Kscan_data_[m[Kâ€™?
[5.679s]    24 |                 [01;31m[Kscan_data_close_[m[K[i] = 0.0; //array of 12 points. init all cells to 0.
[5.680s]       |                 [01;31m[K^~~~~~~~~~~~~~~~[m[K
[5.680s]       |                 [32m[Kscan_data_[m[K
[5.682s] [01m[K/home/pi/turtlebot3_ws/src/wall_follower/src/wall_follower.cpp:25:17:[m[K [01;31m[Kerror: [m[Kâ€˜[01m[Kscan_data_avg_[m[Kâ€™ was not declared in this scope; did you mean â€˜[01m[Kscan_data_[m[Kâ€™?
[5.682s]    25 |                 [01;31m[Kscan_data_avg_[m[K[i] = 0.0;
[5.682s]       |                 [01;31m[K^~~~~~~~~~~~~~[m[K
[5.682s]       |                 [32m[Kscan_data_[m[K
[5.742s] [01m[K/home/pi/turtlebot3_ws/src/wall_follower/src/wall_follower.cpp:[m[K In member function â€˜[01m[Kvoid WallFollower::scan_callback(sensor_msgs::msg::LaserScan_<std::allocator<void> >::SharedPtr)[m[Kâ€™:
[5.742s] [01m[K/home/pi/turtlebot3_ws/src/wall_follower/src/wall_follower.cpp:142:9:[m[K [01;31m[Kerror: [m[Kâ€˜[01m[Kscan_data_close_[m[Kâ€™ was not declared in this scope; did you mean â€˜[01m[Kscan_data_[m[Kâ€™?
[5.742s]   142 |         [01;31m[Kscan_data_close_[m[K[0] = closest;
[5.742s]       |         [01;31m[K^~~~~~~~~~~~~~~~[m[K
[5.742s]       |         [32m[Kscan_data_[m[K
[5.753s] [01m[K/home/pi/turtlebot3_ws/src/wall_follower/src/wall_follower.cpp:143:9:[m[K [01;31m[Kerror: [m[Kâ€˜[01m[Kscan_data_avg_[m[Kâ€™ was not declared in this scope; did you mean â€˜[01m[Kscan_data_[m[Kâ€™?
[5.753s]   143 |         [01;31m[Kscan_data_avg_[m[K[0] = fsum / 30;
[5.753s]       |         [01;31m[K^~~~~~~~~~~~~~[m[K
[5.753s]       |         [32m[Kscan_data_[m[K
[5.763s] [01m[K/home/pi/turtlebot3_ws/src/wall_follower/src/wall_follower.cpp:[m[K In member function â€˜[01m[Kvoid WallFollower::update_callback()[m[Kâ€™:
[5.763s] [01m[K/home/pi/turtlebot3_ws/src/wall_follower/src/wall_follower.cpp:235:18:[m[K [01;31m[Kerror: [m[Kâ€˜[01m[Kscan_data_close_[m[Kâ€™ was not declared in this scope; did you mean â€˜[01m[Kscan_data_[m[Kâ€™?
[5.763s]   235 |         else if ([01;31m[Kscan_data_close_[m[K[FRONT] < 0.7)
[5.763s]       |                  [01;31m[K^~~~~~~~~~~~~~~~[m[K
[5.763s]       |                  [32m[Kscan_data_[m[K
[11.682s] gmake[2]: *** [CMakeFiles/wall_follower.dir/build.make:76: CMakeFiles/wall_follower.dir/src/wall_follower.cpp.o] Error 1
[11.686s] gmake[1]: *** [CMakeFiles/Makefile2:140: CMakeFiles/wall_follower.dir/all] Error 2
[11.687s] gmake: *** [Makefile:146: all] Error 2
[11.689s] Invoked command in '/home/pi/turtlebot3_ws/build/wall_follower' returned '2': CMAKE_PREFIX_PATH=${CMAKE_PREFIX_PATH}:/home/pi/turtlebot3_ws/install/turtlebot3_teleop:/home/pi/turtlebot3_ws/install/turtlebot3_example:/opt/ros/humble /usr/bin/cmake --build /home/pi/turtlebot3_ws/build/wall_follower -- -j2 -l2
