[35m[1mConsolidate compiler generated dependencies of target wall_follower[0m
[ 50%] [32mBuilding CXX object CMakeFiles/wall_follower.dir/src/wall_follower.cpp.o[0m
[ 50%] Built target ament_cmake_python_symlink_wall_follower
running egg_info
writing wall_follower.egg-info/PKG-INFO
writing dependency_links to wall_follower.egg-info/dependency_links.txt
writing top-level names to wall_follower.egg-info/top_level.txt
reading manifest file 'wall_follower.egg-info/SOURCES.txt'
writing manifest file 'wall_follower.egg-info/SOURCES.txt'
[ 50%] Built target ament_cmake_python_build_wall_follower_egg
[01m[K/home/pi/turtlebot3_ws/src/wall_follower/src/wall_follower.cpp:[m[K In member function â€˜[01m[Kvoid WallFollower::update_callback()[m[Kâ€™:
[01m[K/home/pi/turtlebot3_ws/src/wall_follower/src/wall_follower.cpp:211:24:[m[K [01;31m[Kerror: [m[Kâ€˜[01m[Kscan_data_close[m[Kâ€™ was not declared in this scope; did you mean â€˜[01m[Kscan_data_close_[m[Kâ€™?
  211 |                 while ([01;31m[Kscan_data_close[m[K[FRONT] < 0.8 && scan_data_close_[FRONT] > 0) {
      |                        [01;31m[K^~~~~~~~~~~~~~~[m[K
      |                        [32m[Kscan_data_close_[m[K
[01m[K/home/pi/turtlebot3_ws/src/wall_follower/src/wall_follower.cpp:212:48:[m[K [01;31m[Kerror: [m[Kexpected â€˜[01m[K;[m[Kâ€™ before â€˜[01m[K}[m[Kâ€™ token
  212 |                         update_cmd_vel(0, -0.8)
      |                                                [01;31m[K^[m[K
      |                                                [32m[K;[m[K
  213 |                 [32m[K}[m[K
      |                 [32m[K~[m[K                               
gmake[2]: *** [CMakeFiles/wall_follower.dir/build.make:76: CMakeFiles/wall_follower.dir/src/wall_follower.cpp.o] Error 1
gmake[1]: *** [CMakeFiles/Makefile2:140: CMakeFiles/wall_follower.dir/all] Error 2
gmake: *** [Makefile:146: all] Error 2
