[35m[1mConsolidate compiler generated dependencies of target wall_follower[0m
[ 50%] [32mBuilding CXX object CMakeFiles/wall_follower.dir/src/wall_follower.cpp.o[0m
[01m[K/home/pi/turtlebot3_ws/src/wall_follower/src/wall_follower.cpp:118:14:[m[K [01;31m[Kerror: [m[Kâ€˜[01m[Kcout[m[Kâ€™ in namespace â€˜[01m[Kstd[m[Kâ€™ does not name a type
  118 |         std::[01;31m[Kcout[m[K << current_x - start_x << " || " << current_y - start_y << std::endl;
      |              [01;31m[K^~~~[m[K
In file included from [01m[K/opt/ros/humble/include/rclcpp/rclcpp/executor.hpp:22[m[K,
                 from [01m[K/opt/ros/humble/include/rclcpp/rclcpp/executors/multi_threaded_executor.hpp:25[m[K,
                 from [01m[K/opt/ros/humble/include/rclcpp/rclcpp/executors.hpp:21[m[K,
                 from [01m[K/opt/ros/humble/include/rclcpp/rclcpp/rclcpp.hpp:155[m[K,
                 from [01m[K/home/pi/turtlebot3_ws/src/wall_follower/include/wall_follower/wall_follower.hpp:22[m[K,
                 from [01m[K/home/pi/turtlebot3_ws/src/wall_follower/src/wall_follower.cpp:7[m[K:
[01m[K/usr/include/c++/11/iostream:61:18:[m[K [01;36m[Knote: [m[Kâ€˜[01m[Kstd::cout[m[Kâ€™ declared here
   61 |   extern ostream [01;36m[Kcout[m[K;          /// Linked to standard output
      |                  [01;36m[K^~~~[m[K
gmake[2]: *** [CMakeFiles/wall_follower.dir/build.make:76: CMakeFiles/wall_follower.dir/src/wall_follower.cpp.o] Error 1
gmake[1]: *** [CMakeFiles/Makefile2:140: CMakeFiles/wall_follower.dir/all] Error 2
gmake: *** [Makefile:146: all] Error 2
