[01m[K/home/pi/turtlebot3_ws/src/wall_follower/src/wall_follower.cpp:[m[K In member function â€˜[01m[Kvoid WallFollower::update_callback()[m[Kâ€™:
[01m[K/home/pi/turtlebot3_ws/src/wall_follower/src/wall_follower.cpp:207:22:[m[K [01;31m[Kerror: [m[Kâ€˜[01m[Kout[m[Kâ€™ is not a member of â€˜[01m[Kstd[m[Kâ€™; did you mean â€˜[01m[Koct[m[Kâ€™?
  207 |                 std::[01;31m[Kout[m[K << "front"<< std::endl;
      |                      [01;31m[K^~~[m[K
      |                      [32m[Koct[m[K
gmake[2]: *** [CMakeFiles/wall_follower.dir/build.make:76: CMakeFiles/wall_follower.dir/src/wall_follower.cpp.o] Error 1
gmake[1]: *** [CMakeFiles/Makefile2:140: CMakeFiles/wall_follower.dir/all] Error 2
gmake: *** [Makefile:146: all] Error 2
