[0.033s] Invoking command in '/home/pi/turtlebot3_ws/build/wall_follower': CMAKE_PREFIX_PATH=${CMAKE_PREFIX_PATH}:/home/pi/turtlebot3_ws/install/turtlebot3_teleop:/home/pi/turtlebot3_ws/install/turtlebot3_example:/opt/ros/humble /usr/bin/cmake --build /home/pi/turtlebot3_ws/build/wall_follower -- -j2 -l2
[0.144s] [35m[1mConsolidate compiler generated dependencies of target wall_follower[0m
[0.170s] [ 50%] [32mBuilding CXX object CMakeFiles/wall_follower.dir/src/wall_follower.cpp.o[0m
[0.205s] [ 50%] Built target ament_cmake_python_symlink_wall_follower
[0.506s] running egg_info
[0.506s] writing wall_follower.egg-info/PKG-INFO
[0.506s] writing dependency_links to wall_follower.egg-info/dependency_links.txt
[0.516s] writing top-level names to wall_follower.egg-info/top_level.txt
[0.517s] reading manifest file 'wall_follower.egg-info/SOURCES.txt'
[0.527s] writing manifest file 'wall_follower.egg-info/SOURCES.txt'
[0.615s] [ 50%] Built target ament_cmake_python_build_wall_follower_egg
[2.494s] [01m[K/home/pi/turtlebot3_ws/src/wall_follower/src/wall_follower.cpp:[m[K In member function â€˜[01m[Kvoid WallFollower::update_callback()[m[Kâ€™:
[2.494s] [01m[K/home/pi/turtlebot3_ws/src/wall_follower/src/wall_follower.cpp:207:22:[m[K [01;31m[Kerror: [m[Kâ€˜[01m[Kout[m[Kâ€™ is not a member of â€˜[01m[Kstd[m[Kâ€™; did you mean â€˜[01m[Koct[m[Kâ€™?
[2.494s]   207 |                 std::[01;31m[Kout[m[K << "front"<< std::endl;
[2.494s]       |                      [01;31m[K^~~[m[K
[2.494s]       |                      [32m[Koct[m[K
[5.433s] gmake[2]: *** [CMakeFiles/wall_follower.dir/build.make:76: CMakeFiles/wall_follower.dir/src/wall_follower.cpp.o] Error 1
[5.434s] gmake[1]: *** [CMakeFiles/Makefile2:140: CMakeFiles/wall_follower.dir/all] Error 2
[5.434s] gmake: *** [Makefile:146: all] Error 2
[5.438s] Invoked command in '/home/pi/turtlebot3_ws/build/wall_follower' returned '2': CMAKE_PREFIX_PATH=${CMAKE_PREFIX_PATH}:/home/pi/turtlebot3_ws/install/turtlebot3_teleop:/home/pi/turtlebot3_ws/install/turtlebot3_example:/opt/ros/humble /usr/bin/cmake --build /home/pi/turtlebot3_ws/build/wall_follower -- -j2 -l2
