[0.123s] Invoking command in '/home/pi/turtlebot3_ws/build/wall_follower': CMAKE_PREFIX_PATH=${CMAKE_PREFIX_PATH}:/home/pi/turtlebot3_ws/install/turtlebot3_teleop:/home/pi/turtlebot3_ws/install/turtlebot3_example:/opt/ros/humble /usr/bin/cmake --build /home/pi/turtlebot3_ws/build/wall_follower -- -j4 -l4
[0.210s] [35m[1mConsolidate compiler generated dependencies of target wall_follower[0m
[0.234s] [ 50%] [32mBuilding CXX object CMakeFiles/wall_follower.dir/src/wall_follower.cpp.o[0m
[0.383s] [ 50%] Built target ament_cmake_python_symlink_wall_follower
[1.027s] running egg_info
[1.034s] writing wall_follower.egg-info/PKG-INFO
[1.034s] writing dependency_links to wall_follower.egg-info/dependency_links.txt
[1.034s] writing top-level names to wall_follower.egg-info/top_level.txt
[1.041s] reading manifest file 'wall_follower.egg-info/SOURCES.txt'
[1.042s] writing manifest file 'wall_follower.egg-info/SOURCES.txt'
[1.141s] [ 50%] Built target ament_cmake_python_build_wall_follower_egg
[4.148s] [01m[K/home/pi/turtlebot3_ws/src/wall_follower/src/wall_follower.cpp:[m[K In member function â€˜[01m[Kvoid WallFollower::update_callback()[m[Kâ€™:
[4.148s] [01m[K/home/pi/turtlebot3_ws/src/wall_follower/src/wall_follower.cpp:211:24:[m[K [01;31m[Kerror: [m[Kâ€˜[01m[Kscan_data_close[m[Kâ€™ was not declared in this scope; did you mean â€˜[01m[Kscan_data_close_[m[Kâ€™?
[4.148s]   211 |                 while ([01;31m[Kscan_data_close[m[K[FRONT] < 0.8 && scan_data_close_[FRONT] > 0) {
[4.149s]       |                        [01;31m[K^~~~~~~~~~~~~~~[m[K
[4.149s]       |                        [32m[Kscan_data_close_[m[K
[9.377s] gmake[2]: *** [CMakeFiles/wall_follower.dir/build.make:76: CMakeFiles/wall_follower.dir/src/wall_follower.cpp.o] Error 1
[9.377s] gmake[1]: *** [CMakeFiles/Makefile2:140: CMakeFiles/wall_follower.dir/all] Error 2
[9.377s] gmake: *** [Makefile:146: all] Error 2
[9.382s] Invoked command in '/home/pi/turtlebot3_ws/build/wall_follower' returned '2': CMAKE_PREFIX_PATH=${CMAKE_PREFIX_PATH}:/home/pi/turtlebot3_ws/install/turtlebot3_teleop:/home/pi/turtlebot3_ws/install/turtlebot3_example:/opt/ros/humble /usr/bin/cmake --build /home/pi/turtlebot3_ws/build/wall_follower -- -j4 -l4
